<?xml version="1.0" encoding="UTF-8"?>
<!-- Generated by org.testng.reporters.JUnitReportReporter -->
<testsuite hostname="DESKTOP-VP9JFEB" failures="0" tests="4" name="ObjectRepository.NewTestPrac" time="0.017" errors="0" timestamp="11 Feb 2019 19:04:01 GMT" skipped="0">
  <testcase classname="ObjectRepository.NewTestPrac" name="f" time="0.009"/>
  <testcase classname="ObjectRepository.NewTestPrac" name="f1" time="0.002"/>
  <testcase classname="ObjectRepository.NewTestPrac" name="f2" time="0.005"/>
  <testcase classname="ObjectRepository.NewTestPrac" name="f3" time="0.001"/>
</testsuite> <!-- ObjectRepository.NewTestPrac -->
