<?xml version="1.0" encoding="UTF-8"?>
<!-- Generated by org.testng.reporters.JUnitReportReporter -->
<testsuite hostname="DESKTOP-VP9JFEB" failures="0" tests="1" name="ParameterPrac.Param" time="17.186" errors="0" timestamp="13 Feb 2019 16:45:46 GMT" skipped="0">
  <testcase classname="ParameterPrac.Param" name="browserFunction" time="17.186"/>
</testsuite> <!-- ParameterPrac.Param -->
