<?xml version="1.0" encoding="UTF-8"?>
<!-- Generated by org.testng.reporters.JUnitReportReporter -->
<testsuite hostname="DESKTOP-VP9JFEB" failures="0" tests="2" name="priorityCheck.priorityCheck" time="0.025" errors="0" timestamp="12 May 2019 15:22:26 GMT" skipped="0">
  <testcase classname="priorityCheck.priorityCheck" name="function" time="0.022"/>
  <testcase classname="priorityCheck.priorityCheck" name="priorityCheck" time="0.003"/>
</testsuite> <!-- priorityCheck.priorityCheck -->
