<?xml version="1.0" encoding="UTF-8"?>
<!-- Generated by org.testng.reporters.JUnitReportReporter -->
<testsuite hostname="DESKTOP-VP9JFEB" failures="0" tests="1" name="Groups_1.GroupClass2" time="0.003" errors="0" timestamp="23 Apr 2019 14:33:36 GMT" skipped="0">
  <testcase classname="Groups_1.GroupClass2" name="composeMail" time="0.003"/>
</testsuite> <!-- Groups_1.GroupClass2 -->
